Mon May 02 09:08:24 EEST 2016 : Apache Derby Network Server - 10.9.1.0 - (1344872) started and ready to accept connections on port 1527
----------------------------------------------------------------
Mon May 02 09:08:25 EEST 2016:
Booting Derby version The Apache Software Foundation - Apache Derby - 10.9.1.0 - (1344872): instance a816c00e-0154-7014-fefb-00005a630818 
on database directory P:\UserData\Vaalikone5\Vaali-Db\Vaali-Db  with class loader sun.misc.Launcher$AppClassLoader@19134f4 
Loaded from file:/C:/Program%20Files/glassfish-4.0/javadb/lib/derby.jar
java.vendor=Oracle Corporation
java.runtime.version=1.7.0_45-b18
user.dir=C:\Program Files\glassfish-4.0\javadb
derby.system.home=P:\UserData\Vaalikone5\Vaali-Db
Database Class Loader started - derby.database.classpath=''
----------------------------------------------------------------
Mon May 02 09:08:32 EEST 2016:
Shutting down instance a816c00e-0154-7014-fefb-00005a630818 on database directory P:\UserData\Vaalikone5\Vaali-Db\Vaali-Db with class loader sun.misc.Launcher$AppClassLoader@19134f4 
Mon May 02 09:08:33 EEST 2016 Thread[DRDAConnThread_3,5,main] (DATABASE = Vaali-Db), (DRDAID = {2}), Database 'Vaali-Db' shutdown.
----------------------------------------------------------------
Mon May 02 09:08:43 EEST 2016:
Booting Derby version The Apache Software Foundation - Apache Derby - 10.9.1.0 - (1344872): instance 45b300a8-0154-7014-fefb-00005a630818 
on database directory P:\UserData\Vaalikone5\Vaali-Db\Vaali-Db  with class loader sun.misc.Launcher$AppClassLoader@19134f4 
Loaded from file:/C:/Program%20Files/glassfish-4.0/javadb/lib/derby.jar
java.vendor=Oracle Corporation
java.runtime.version=1.7.0_45-b18
user.dir=C:\Program Files\glassfish-4.0\javadb
derby.system.home=P:\UserData\Vaalikone5\Vaali-Db
Database Class Loader started - derby.database.classpath=''
